xsp4.exe Error: 0 : [12/2/2015 7:51:09 PM] ERROR: Object reference not set to an instance of an object
System.NullReferenceException: Object reference not set to an instance of an object
  at WebsitePanel.Server.Code.AutoDiscoveryHelper.IsInstalled (System.String name) [0x000b5] in C:\Code\WebsitePanel\Linux\WebsitePanel\Sources\WebsitePanel.Server.Mono\Code\AutoDiscoveryHelper.cs:70 

xsp4.exe Error: 0 : [12/2/2015 7:51:09 PM] ERROR: Object reference not set to an instance of an object
System.NullReferenceException: Object reference not set to an instance of an object
  at WebsitePanel.Server.Code.AutoDiscoveryHelper.IsInstalled (System.String name) [0x000b5] in C:\Code\WebsitePanel\Linux\WebsitePanel\Sources\WebsitePanel.Server.Mono\Code\AutoDiscoveryHelper.cs:70 

xsp4.exe Error: 0 : [12/2/2015 7:51:09 PM] ERROR: Object reference not set to an instance of an object
System.NullReferenceException: Object reference not set to an instance of an object
  at WebsitePanel.Server.Code.AutoDiscoveryHelper.IsInstalled (System.String name) [0x000b5] in C:\Code\WebsitePanel\Linux\WebsitePanel\Sources\WebsitePanel.Server.Mono\Code\AutoDiscoveryHelper.cs:70 

xsp4.exe Error: 0 : [12/2/2015 7:51:09 PM] ERROR: Object reference not set to an instance of an object
System.NullReferenceException: Object reference not set to an instance of an object
  at WebsitePanel.Server.Code.AutoDiscoveryHelper.IsInstalled (System.String name) [0x000b5] in C:\Code\WebsitePanel\Linux\WebsitePanel\Sources\WebsitePanel.Server.Mono\Code\AutoDiscoveryHelper.cs:70 

xsp4.exe Error: 0 : [12/2/2015 7:51:09 PM] ERROR: Object reference not set to an instance of an object
System.NullReferenceException: Object reference not set to an instance of an object
  at WebsitePanel.Server.Code.AutoDiscoveryHelper.IsInstalled (System.String name) [0x000b5] in C:\Code\WebsitePanel\Linux\WebsitePanel\Sources\WebsitePanel.Server.Mono\Code\AutoDiscoveryHelper.cs:70 

xsp4.exe Error: 0 : [12/2/2015 7:51:09 PM] ERROR: Object reference not set to an instance of an object
System.NullReferenceException: Object reference not set to an instance of an object
  at WebsitePanel.Server.Code.AutoDiscoveryHelper.IsInstalled (System.String name) [0x000b5] in C:\Code\WebsitePanel\Linux\WebsitePanel\Sources\WebsitePanel.Server.Mono\Code\AutoDiscoveryHelper.cs:70 

xsp4.exe Error: 0 : [12/2/2015 7:51:09 PM] ERROR: Object reference not set to an instance of an object
System.NullReferenceException: Object reference not set to an instance of an object
  at WebsitePanel.Server.Code.AutoDiscoveryHelper.IsInstalled (System.String name) [0x000b5] in C:\Code\WebsitePanel\Linux\WebsitePanel\Sources\WebsitePanel.Server.Mono\Code\AutoDiscoveryHelper.cs:70 

xsp4.exe Error: 0 : [12/2/2015 7:51:09 PM] ERROR: Object reference not set to an instance of an object
System.NullReferenceException: Object reference not set to an instance of an object
  at WebsitePanel.Server.Code.AutoDiscoveryHelper.IsInstalled (System.String name) [0x000b5] in C:\Code\WebsitePanel\Linux\WebsitePanel\Sources\WebsitePanel.Server.Mono\Code\AutoDiscoveryHelper.cs:70 

xsp4.exe Error: 0 : [12/2/2015 7:51:09 PM] ERROR: Object reference not set to an instance of an object
System.NullReferenceException: Object reference not set to an instance of an object
  at WebsitePanel.Server.Code.AutoDiscoveryHelper.IsInstalled (System.String name) [0x000b5] in C:\Code\WebsitePanel\Linux\WebsitePanel\Sources\WebsitePanel.Server.Mono\Code\AutoDiscoveryHelper.cs:70 

xsp4.exe Error: 0 : [12/2/2015 7:51:09 PM] ERROR: Object reference not set to an instance of an object
System.NullReferenceException: Object reference not set to an instance of an object
  at WebsitePanel.Server.Code.AutoDiscoveryHelper.IsInstalled (System.String name) [0x000b5] in C:\Code\WebsitePanel\Linux\WebsitePanel\Sources\WebsitePanel.Server.Mono\Code\AutoDiscoveryHelper.cs:70 

xsp4.exe Error: 0 : [12/2/2015 7:51:09 PM] ERROR: Object reference not set to an instance of an object
System.NullReferenceException: Object reference not set to an instance of an object
  at WebsitePanel.Server.Code.AutoDiscoveryHelper.IsInstalled (System.String name) [0x000b5] in C:\Code\WebsitePanel\Linux\WebsitePanel\Sources\WebsitePanel.Server.Mono\Code\AutoDiscoveryHelper.cs:70 

xsp4.exe Error: 0 : [12/2/2015 7:51:09 PM] ERROR: Object reference not set to an instance of an object
System.NullReferenceException: Object reference not set to an instance of an object
  at WebsitePanel.Server.Code.AutoDiscoveryHelper.IsInstalled (System.String name) [0x000b5] in C:\Code\WebsitePanel\Linux\WebsitePanel\Sources\WebsitePanel.Server.Mono\Code\AutoDiscoveryHelper.cs:70 

xsp4.exe Error: 0 : [12/2/2015 7:51:09 PM] ERROR: Object reference not set to an instance of an object
System.NullReferenceException: Object reference not set to an instance of an object
  at WebsitePanel.Server.Code.AutoDiscoveryHelper.IsInstalled (System.String name) [0x000b5] in C:\Code\WebsitePanel\Linux\WebsitePanel\Sources\WebsitePanel.Server.Mono\Code\AutoDiscoveryHelper.cs:70 

xsp4.exe Error: 0 : [12/2/2015 7:51:09 PM] ERROR: Object reference not set to an instance of an object
System.NullReferenceException: Object reference not set to an instance of an object
  at WebsitePanel.Server.Code.AutoDiscoveryHelper.IsInstalled (System.String name) [0x000b5] in C:\Code\WebsitePanel\Linux\WebsitePanel\Sources\WebsitePanel.Server.Mono\Code\AutoDiscoveryHelper.cs:70 

xsp4.exe Error: 0 : [12/2/2015 7:51:09 PM] ERROR: Object reference not set to an instance of an object
System.NullReferenceException: Object reference not set to an instance of an object
  at WebsitePanel.Server.Code.AutoDiscoveryHelper.IsInstalled (System.String name) [0x000b5] in C:\Code\WebsitePanel\Linux\WebsitePanel\Sources\WebsitePanel.Server.Mono\Code\AutoDiscoveryHelper.cs:70 

xsp4.exe Error: 0 : [12/2/2015 7:51:09 PM] ERROR: Object reference not set to an instance of an object
System.NullReferenceException: Object reference not set to an instance of an object
  at WebsitePanel.Server.Code.AutoDiscoveryHelper.IsInstalled (System.String name) [0x000b5] in C:\Code\WebsitePanel\Linux\WebsitePanel\Sources\WebsitePanel.Server.Mono\Code\AutoDiscoveryHelper.cs:70 

xsp4.exe Error: 0 : [12/2/2015 7:51:09 PM] ERROR: Object reference not set to an instance of an object
System.NullReferenceException: Object reference not set to an instance of an object
  at WebsitePanel.Server.Code.AutoDiscoveryHelper.IsInstalled (System.String name) [0x000b5] in C:\Code\WebsitePanel\Linux\WebsitePanel\Sources\WebsitePanel.Server.Mono\Code\AutoDiscoveryHelper.cs:70 

xsp4.exe Error: 0 : [12/2/2015 7:51:09 PM] ERROR: Object reference not set to an instance of an object
System.NullReferenceException: Object reference not set to an instance of an object
  at WebsitePanel.Server.Code.AutoDiscoveryHelper.IsInstalled (System.String name) [0x000b5] in C:\Code\WebsitePanel\Linux\WebsitePanel\Sources\WebsitePanel.Server.Mono\Code\AutoDiscoveryHelper.cs:70 

xsp4.exe Error: 0 : [12/2/2015 7:51:09 PM] ERROR: Object reference not set to an instance of an object
System.NullReferenceException: Object reference not set to an instance of an object
  at WebsitePanel.Server.Code.AutoDiscoveryHelper.IsInstalled (System.String name) [0x000b5] in C:\Code\WebsitePanel\Linux\WebsitePanel\Sources\WebsitePanel.Server.Mono\Code\AutoDiscoveryHelper.cs:70 

xsp4.exe Error: 0 : [12/2/2015 7:51:09 PM] ERROR: Object reference not set to an instance of an object
System.NullReferenceException: Object reference not set to an instance of an object
  at WebsitePanel.Server.Code.AutoDiscoveryHelper.IsInstalled (System.String name) [0x000b5] in C:\Code\WebsitePanel\Linux\WebsitePanel\Sources\WebsitePanel.Server.Mono\Code\AutoDiscoveryHelper.cs:70 

xsp4.exe Error: 0 : [12/2/2015 7:51:09 PM] ERROR: Object reference not set to an instance of an object
System.NullReferenceException: Object reference not set to an instance of an object
  at WebsitePanel.Server.Code.AutoDiscoveryHelper.IsInstalled (System.String name) [0x000b5] in C:\Code\WebsitePanel\Linux\WebsitePanel\Sources\WebsitePanel.Server.Mono\Code\AutoDiscoveryHelper.cs:70 

xsp4.exe Error: 0 : [12/2/2015 7:51:09 PM] ERROR: Object reference not set to an instance of an object
System.NullReferenceException: Object reference not set to an instance of an object
  at WebsitePanel.Server.Code.AutoDiscoveryHelper.IsInstalled (System.String name) [0x000b5] in C:\Code\WebsitePanel\Linux\WebsitePanel\Sources\WebsitePanel.Server.Mono\Code\AutoDiscoveryHelper.cs:70 

xsp4.exe Error: 0 : [12/2/2015 7:51:09 PM] ERROR: Object reference not set to an instance of an object
System.NullReferenceException: Object reference not set to an instance of an object
  at WebsitePanel.Server.Code.AutoDiscoveryHelper.IsInstalled (System.String name) [0x000b5] in C:\Code\WebsitePanel\Linux\WebsitePanel\Sources\WebsitePanel.Server.Mono\Code\AutoDiscoveryHelper.cs:70 

xsp4.exe Error: 0 : [12/2/2015 7:51:10 PM] ERROR: Object reference not set to an instance of an object
System.NullReferenceException: Object reference not set to an instance of an object
  at WebsitePanel.Server.Code.AutoDiscoveryHelper.IsInstalled (System.String name) [0x000b5] in C:\Code\WebsitePanel\Linux\WebsitePanel\Sources\WebsitePanel.Server.Mono\Code\AutoDiscoveryHelper.cs:70 

xsp4.exe Error: 0 : [12/2/2015 7:51:10 PM] ERROR: Object reference not set to an instance of an object
System.NullReferenceException: Object reference not set to an instance of an object
  at WebsitePanel.Server.Code.AutoDiscoveryHelper.IsInstalled (System.String name) [0x000b5] in C:\Code\WebsitePanel\Linux\WebsitePanel\Sources\WebsitePanel.Server.Mono\Code\AutoDiscoveryHelper.cs:70 

xsp4.exe Error: 0 : [12/2/2015 7:51:10 PM] ERROR: Object reference not set to an instance of an object
System.NullReferenceException: Object reference not set to an instance of an object
  at WebsitePanel.Server.Code.AutoDiscoveryHelper.IsInstalled (System.String name) [0x000b5] in C:\Code\WebsitePanel\Linux\WebsitePanel\Sources\WebsitePanel.Server.Mono\Code\AutoDiscoveryHelper.cs:70 

xsp4.exe Error: 0 : [12/2/2015 7:51:10 PM] ERROR: Object reference not set to an instance of an object
System.NullReferenceException: Object reference not set to an instance of an object
  at WebsitePanel.Server.Code.AutoDiscoveryHelper.IsInstalled (System.String name) [0x000b5] in C:\Code\WebsitePanel\Linux\WebsitePanel\Sources\WebsitePanel.Server.Mono\Code\AutoDiscoveryHelper.cs:70 

xsp4.exe Error: 0 : [12/2/2015 7:51:10 PM] ERROR: Object reference not set to an instance of an object
System.NullReferenceException: Object reference not set to an instance of an object
  at WebsitePanel.Server.Code.AutoDiscoveryHelper.IsInstalled (System.String name) [0x000b5] in C:\Code\WebsitePanel\Linux\WebsitePanel\Sources\WebsitePanel.Server.Mono\Code\AutoDiscoveryHelper.cs:70 

xsp4.exe Error: 0 : [12/2/2015 7:51:10 PM] ERROR: Object reference not set to an instance of an object
System.NullReferenceException: Object reference not set to an instance of an object
  at WebsitePanel.Server.Code.AutoDiscoveryHelper.IsInstalled (System.String name) [0x000b5] in C:\Code\WebsitePanel\Linux\WebsitePanel\Sources\WebsitePanel.Server.Mono\Code\AutoDiscoveryHelper.cs:70 

xsp4.exe Error: 0 : [12/2/2015 7:51:10 PM] ERROR: Object reference not set to an instance of an object
System.NullReferenceException: Object reference not set to an instance of an object
  at WebsitePanel.Server.Code.AutoDiscoveryHelper.IsInstalled (System.String name) [0x000b5] in C:\Code\WebsitePanel\Linux\WebsitePanel\Sources\WebsitePanel.Server.Mono\Code\AutoDiscoveryHelper.cs:70 

xsp4.exe Error: 0 : [12/2/2015 7:51:10 PM] ERROR: Object reference not set to an instance of an object
System.NullReferenceException: Object reference not set to an instance of an object
  at WebsitePanel.Server.Code.AutoDiscoveryHelper.IsInstalled (System.String name) [0x000b5] in C:\Code\WebsitePanel\Linux\WebsitePanel\Sources\WebsitePanel.Server.Mono\Code\AutoDiscoveryHelper.cs:70 

xsp4.exe Error: 0 : [12/2/2015 7:51:10 PM] ERROR: Object reference not set to an instance of an object
System.NullReferenceException: Object reference not set to an instance of an object
  at WebsitePanel.Server.Code.AutoDiscoveryHelper.IsInstalled (System.String name) [0x000b5] in C:\Code\WebsitePanel\Linux\WebsitePanel\Sources\WebsitePanel.Server.Mono\Code\AutoDiscoveryHelper.cs:70 

xsp4.exe Error: 0 : [12/2/2015 7:51:10 PM] ERROR: Object reference not set to an instance of an object
System.NullReferenceException: Object reference not set to an instance of an object
  at WebsitePanel.Server.Code.AutoDiscoveryHelper.IsInstalled (System.String name) [0x000b5] in C:\Code\WebsitePanel\Linux\WebsitePanel\Sources\WebsitePanel.Server.Mono\Code\AutoDiscoveryHelper.cs:70 

xsp4.exe Error: 0 : [12/2/2015 7:51:10 PM] ERROR: Object reference not set to an instance of an object
System.NullReferenceException: Object reference not set to an instance of an object
  at WebsitePanel.Server.Code.AutoDiscoveryHelper.IsInstalled (System.String name) [0x000b5] in C:\Code\WebsitePanel\Linux\WebsitePanel\Sources\WebsitePanel.Server.Mono\Code\AutoDiscoveryHelper.cs:70 

xsp4.exe Error: 0 : [12/2/2015 7:51:10 PM] ERROR: Object reference not set to an instance of an object
System.NullReferenceException: Object reference not set to an instance of an object
  at WebsitePanel.Server.Code.AutoDiscoveryHelper.IsInstalled (System.String name) [0x000b5] in C:\Code\WebsitePanel\Linux\WebsitePanel\Sources\WebsitePanel.Server.Mono\Code\AutoDiscoveryHelper.cs:70 

xsp4.exe Error: 0 : [12/2/2015 7:51:10 PM] ERROR: Object reference not set to an instance of an object
System.NullReferenceException: Object reference not set to an instance of an object
  at WebsitePanel.Server.Code.AutoDiscoveryHelper.IsInstalled (System.String name) [0x000b5] in C:\Code\WebsitePanel\Linux\WebsitePanel\Sources\WebsitePanel.Server.Mono\Code\AutoDiscoveryHelper.cs:70 

xsp4.exe Error: 0 : [12/2/2015 7:51:10 PM] ERROR: Object reference not set to an instance of an object
System.NullReferenceException: Object reference not set to an instance of an object
  at WebsitePanel.Server.Code.AutoDiscoveryHelper.IsInstalled (System.String name) [0x000b5] in C:\Code\WebsitePanel\Linux\WebsitePanel\Sources\WebsitePanel.Server.Mono\Code\AutoDiscoveryHelper.cs:70 

xsp4.exe Error: 0 : [12/2/2015 7:51:10 PM] ERROR: ApplicationName='mysqld', CommandLine='--version', CurrentDirectory='', Native error= Das System kann die angegebene Datei nicht finden.

System.ComponentModel.Win32Exception: ApplicationName='mysqld', CommandLine='--version', CurrentDirectory='', Native error= Das System kann die angegebene Datei nicht finden.

  at System.Diagnostics.Process.Start_noshell (System.Diagnostics.ProcessStartInfo startInfo, System.Diagnostics.Process process) [0x00352] in C:\j\workspace\v\repos\mono\mcs\class\System\System.Diagnostics\Process.cs:1126 
  at System.Diagnostics.Process.Start_common (System.Diagnostics.ProcessStartInfo startInfo, System.Diagnostics.Process process) [0x0008b] in C:\j\workspace\v\repos\mono\mcs\class\System\System.Diagnostics\Process.cs:1190 
  at System.Diagnostics.Process.Start (System.Diagnostics.ProcessStartInfo startInfo) [0x0001e] in C:\j\workspace\v\repos\mono\mcs\class\System\System.Diagnostics\Process.cs:1210 
  at WebsitePanel.Providers.Utils.DefaultCommandLineProvider.Execute (System.String filePath, System.String args, System.String outputFile) [0x00032] in C:\Code\WebsitePanel\Linux\WebsitePanel\Sources\WebsitePanel.Server.Utils\FileUtils.cs:82 
  at WebsitePanel.Providers.Utils.FileUtils.ExecuteSystemCommand (System.String cmd, System.String args, System.String outputFile) [0x00009] in C:\Code\WebsitePanel\Linux\WebsitePanel\Sources\WebsitePanel.Server.Utils\FileUtils.cs:722 
  at WebsitePanel.Providers.Utils.FileUtils.ExecuteSystemCommand (System.String cmd, System.String args) [0x00004] in C:\Code\WebsitePanel\Linux\WebsitePanel\Sources\WebsitePanel.Server.Utils\FileUtils.cs:709 
  at WebsitePanel.Providers.Database.MySqlServer.IsInstalled () [0x00083] in C:\Code\WebsitePanel\Linux\Websitepanel\Sources\WebsitePanel.Providers.Database.MySQL\MySqlServer.cs:860 
  at WebsitePanel.Server.Code.AutoDiscoveryHelper.IsInstalled (System.String name) [0x000fd] in C:\Code\WebsitePanel\Linux\WebsitePanel\Sources\WebsitePanel.Server.Mono\Code\AutoDiscoveryHelper.cs:74 

xsp4.exe Error: 0 : [12/2/2015 7:51:10 PM] ERROR: ApplicationName='mysqld', CommandLine='--version', CurrentDirectory='', Native error= Das System kann die angegebene Datei nicht finden.

System.ComponentModel.Win32Exception: ApplicationName='mysqld', CommandLine='--version', CurrentDirectory='', Native error= Das System kann die angegebene Datei nicht finden.

  at System.Diagnostics.Process.Start_noshell (System.Diagnostics.ProcessStartInfo startInfo, System.Diagnostics.Process process) [0x00352] in C:\j\workspace\v\repos\mono\mcs\class\System\System.Diagnostics\Process.cs:1126 
  at System.Diagnostics.Process.Start_common (System.Diagnostics.ProcessStartInfo startInfo, System.Diagnostics.Process process) [0x0008b] in C:\j\workspace\v\repos\mono\mcs\class\System\System.Diagnostics\Process.cs:1190 
  at System.Diagnostics.Process.Start (System.Diagnostics.ProcessStartInfo startInfo) [0x0001e] in C:\j\workspace\v\repos\mono\mcs\class\System\System.Diagnostics\Process.cs:1210 
  at WebsitePanel.Providers.Utils.DefaultCommandLineProvider.Execute (System.String filePath, System.String args, System.String outputFile) [0x00032] in C:\Code\WebsitePanel\Linux\WebsitePanel\Sources\WebsitePanel.Server.Utils\FileUtils.cs:82 
  at WebsitePanel.Providers.Utils.FileUtils.ExecuteSystemCommand (System.String cmd, System.String args, System.String outputFile) [0x00009] in C:\Code\WebsitePanel\Linux\WebsitePanel\Sources\WebsitePanel.Server.Utils\FileUtils.cs:722 
  at WebsitePanel.Providers.Utils.FileUtils.ExecuteSystemCommand (System.String cmd, System.String args) [0x00004] in C:\Code\WebsitePanel\Linux\WebsitePanel\Sources\WebsitePanel.Server.Utils\FileUtils.cs:709 
  at WebsitePanel.Providers.Database.MySqlServer50.IsInstalled () [0x00083] in C:\Code\WebsitePanel\Linux\Websitepanel\Sources\WebsitePanel.Providers.Database.MySQL\MySqlServer50.cs:61 
  at WebsitePanel.Server.Code.AutoDiscoveryHelper.IsInstalled (System.String name) [0x000fd] in C:\Code\WebsitePanel\Linux\WebsitePanel\Sources\WebsitePanel.Server.Mono\Code\AutoDiscoveryHelper.cs:74 

xsp4.exe Error: 0 : [12/2/2015 7:51:10 PM] ERROR: ApplicationName='mysqld', CommandLine='--version', CurrentDirectory='', Native error= Das System kann die angegebene Datei nicht finden.

System.ComponentModel.Win32Exception: ApplicationName='mysqld', CommandLine='--version', CurrentDirectory='', Native error= Das System kann die angegebene Datei nicht finden.

  at System.Diagnostics.Process.Start_noshell (System.Diagnostics.ProcessStartInfo startInfo, System.Diagnostics.Process process) [0x00352] in C:\j\workspace\v\repos\mono\mcs\class\System\System.Diagnostics\Process.cs:1126 
  at System.Diagnostics.Process.Start_common (System.Diagnostics.ProcessStartInfo startInfo, System.Diagnostics.Process process) [0x0008b] in C:\j\workspace\v\repos\mono\mcs\class\System\System.Diagnostics\Process.cs:1190 
  at System.Diagnostics.Process.Start (System.Diagnostics.ProcessStartInfo startInfo) [0x0001e] in C:\j\workspace\v\repos\mono\mcs\class\System\System.Diagnostics\Process.cs:1210 
  at WebsitePanel.Providers.Utils.DefaultCommandLineProvider.Execute (System.String filePath, System.String args, System.String outputFile) [0x00032] in C:\Code\WebsitePanel\Linux\WebsitePanel\Sources\WebsitePanel.Server.Utils\FileUtils.cs:82 
  at WebsitePanel.Providers.Utils.FileUtils.ExecuteSystemCommand (System.String cmd, System.String args, System.String outputFile) [0x00009] in C:\Code\WebsitePanel\Linux\WebsitePanel\Sources\WebsitePanel.Server.Utils\FileUtils.cs:722 
  at WebsitePanel.Providers.Utils.FileUtils.ExecuteSystemCommand (System.String cmd, System.String args) [0x00004] in C:\Code\WebsitePanel\Linux\WebsitePanel\Sources\WebsitePanel.Server.Utils\FileUtils.cs:709 
  at WebsitePanel.Providers.Database.MySqlServer51.IsInstalled () [0x00083] in C:\Code\WebsitePanel\Linux\Websitepanel\Sources\WebsitePanel.Providers.Database.MySQL\MySqlServer51.cs:61 
  at WebsitePanel.Server.Code.AutoDiscoveryHelper.IsInstalled (System.String name) [0x000fd] in C:\Code\WebsitePanel\Linux\WebsitePanel\Sources\WebsitePanel.Server.Mono\Code\AutoDiscoveryHelper.cs:74 

xsp4.exe Error: 0 : [12/2/2015 7:51:10 PM] ERROR: ApplicationName='mysqld', CommandLine='--version', CurrentDirectory='', Native error= Das System kann die angegebene Datei nicht finden.

System.ComponentModel.Win32Exception: ApplicationName='mysqld', CommandLine='--version', CurrentDirectory='', Native error= Das System kann die angegebene Datei nicht finden.

  at System.Diagnostics.Process.Start_noshell (System.Diagnostics.ProcessStartInfo startInfo, System.Diagnostics.Process process) [0x00352] in C:\j\workspace\v\repos\mono\mcs\class\System\System.Diagnostics\Process.cs:1126 
  at System.Diagnostics.Process.Start_common (System.Diagnostics.ProcessStartInfo startInfo, System.Diagnostics.Process process) [0x0008b] in C:\j\workspace\v\repos\mono\mcs\class\System\System.Diagnostics\Process.cs:1190 
  at System.Diagnostics.Process.Start (System.Diagnostics.ProcessStartInfo startInfo) [0x0001e] in C:\j\workspace\v\repos\mono\mcs\class\System\System.Diagnostics\Process.cs:1210 
  at WebsitePanel.Providers.Utils.DefaultCommandLineProvider.Execute (System.String filePath, System.String args, System.String outputFile) [0x00032] in C:\Code\WebsitePanel\Linux\WebsitePanel\Sources\WebsitePanel.Server.Utils\FileUtils.cs:82 
  at WebsitePanel.Providers.Utils.FileUtils.ExecuteSystemCommand (System.String cmd, System.String args, System.String outputFile) [0x00009] in C:\Code\WebsitePanel\Linux\WebsitePanel\Sources\WebsitePanel.Server.Utils\FileUtils.cs:722 
  at WebsitePanel.Providers.Utils.FileUtils.ExecuteSystemCommand (System.String cmd, System.String args) [0x00004] in C:\Code\WebsitePanel\Linux\WebsitePanel\Sources\WebsitePanel.Server.Utils\FileUtils.cs:709 
  at WebsitePanel.Providers.Database.MySqlServer55.IsInstalled () [0x00083] in C:\Code\WebsitePanel\Linux\Websitepanel\Sources\WebsitePanel.Providers.Database.MySQL\MySqlServer55.cs:70 
  at WebsitePanel.Server.Code.AutoDiscoveryHelper.IsInstalled (System.String name) [0x000fd] in C:\Code\WebsitePanel\Linux\WebsitePanel\Sources\WebsitePanel.Server.Mono\Code\AutoDiscoveryHelper.cs:74 

xsp4.exe Error: 0 : [12/2/2015 7:51:10 PM] ERROR: ApplicationName='mysqld', CommandLine='--version', CurrentDirectory='', Native error= Das System kann die angegebene Datei nicht finden.

System.ComponentModel.Win32Exception: ApplicationName='mysqld', CommandLine='--version', CurrentDirectory='', Native error= Das System kann die angegebene Datei nicht finden.

  at System.Diagnostics.Process.Start_noshell (System.Diagnostics.ProcessStartInfo startInfo, System.Diagnostics.Process process) [0x00352] in C:\j\workspace\v\repos\mono\mcs\class\System\System.Diagnostics\Process.cs:1126 
  at System.Diagnostics.Process.Start_common (System.Diagnostics.ProcessStartInfo startInfo, System.Diagnostics.Process process) [0x0008b] in C:\j\workspace\v\repos\mono\mcs\class\System\System.Diagnostics\Process.cs:1190 
  at System.Diagnostics.Process.Start (System.Diagnostics.ProcessStartInfo startInfo) [0x0001e] in C:\j\workspace\v\repos\mono\mcs\class\System\System.Diagnostics\Process.cs:1210 
  at WebsitePanel.Providers.Utils.DefaultCommandLineProvider.Execute (System.String filePath, System.String args, System.String outputFile) [0x00032] in C:\Code\WebsitePanel\Linux\WebsitePanel\Sources\WebsitePanel.Server.Utils\FileUtils.cs:82 
  at WebsitePanel.Providers.Utils.FileUtils.ExecuteSystemCommand (System.String cmd, System.String args, System.String outputFile) [0x00009] in C:\Code\WebsitePanel\Linux\WebsitePanel\Sources\WebsitePanel.Server.Utils\FileUtils.cs:722 
  at WebsitePanel.Providers.Utils.FileUtils.ExecuteSystemCommand (System.String cmd, System.String args) [0x00004] in C:\Code\WebsitePanel\Linux\WebsitePanel\Sources\WebsitePanel.Server.Utils\FileUtils.cs:709 
  at WebsitePanel.Providers.Database.MySqlServer56.IsInstalled () [0x00083] in C:\Code\WebsitePanel\Linux\Websitepanel\Sources\WebsitePanel.Providers.Database.MySQL\MySqlServer56.cs:70 
  at WebsitePanel.Server.Code.AutoDiscoveryHelper.IsInstalled (System.String name) [0x000fd] in C:\Code\WebsitePanel\Linux\WebsitePanel\Sources\WebsitePanel.Server.Mono\Code\AutoDiscoveryHelper.cs:74 

xsp4.exe Error: 0 : [12/2/2015 7:51:10 PM] ERROR: Object reference not set to an instance of an object
System.NullReferenceException: Object reference not set to an instance of an object
  at WebsitePanel.Server.Code.AutoDiscoveryHelper.IsInstalled (System.String name) [0x000b5] in C:\Code\WebsitePanel\Linux\WebsitePanel\Sources\WebsitePanel.Server.Mono\Code\AutoDiscoveryHelper.cs:70 

xsp4.exe Error: 0 : [12/2/2015 7:51:10 PM] ERROR: Object reference not set to an instance of an object
System.NullReferenceException: Object reference not set to an instance of an object
  at WebsitePanel.Server.Code.AutoDiscoveryHelper.IsInstalled (System.String name) [0x000b5] in C:\Code\WebsitePanel\Linux\WebsitePanel\Sources\WebsitePanel.Server.Mono\Code\AutoDiscoveryHelper.cs:70 

xsp4.exe Error: 0 : [12/2/2015 7:51:10 PM] ERROR: Object reference not set to an instance of an object
System.NullReferenceException: Object reference not set to an instance of an object
  at WebsitePanel.Server.Code.AutoDiscoveryHelper.IsInstalled (System.String name) [0x000b5] in C:\Code\WebsitePanel\Linux\WebsitePanel\Sources\WebsitePanel.Server.Mono\Code\AutoDiscoveryHelper.cs:70 

xsp4.exe Error: 0 : [12/2/2015 7:51:10 PM] ERROR: Object reference not set to an instance of an object
System.NullReferenceException: Object reference not set to an instance of an object
  at WebsitePanel.Server.Code.AutoDiscoveryHelper.IsInstalled (System.String name) [0x000b5] in C:\Code\WebsitePanel\Linux\WebsitePanel\Sources\WebsitePanel.Server.Mono\Code\AutoDiscoveryHelper.cs:70 

xsp4.exe Error: 0 : [12/2/2015 7:51:10 PM] ERROR: Object reference not set to an instance of an object
System.NullReferenceException: Object reference not set to an instance of an object
  at WebsitePanel.Server.Code.AutoDiscoveryHelper.IsInstalled (System.String name) [0x000b5] in C:\Code\WebsitePanel\Linux\WebsitePanel\Sources\WebsitePanel.Server.Mono\Code\AutoDiscoveryHelper.cs:70 

xsp4.exe Error: 0 : [12/2/2015 7:51:10 PM] ERROR: Object reference not set to an instance of an object
System.NullReferenceException: Object reference not set to an instance of an object
  at WebsitePanel.Server.Code.AutoDiscoveryHelper.IsInstalled (System.String name) [0x000b5] in C:\Code\WebsitePanel\Linux\WebsitePanel\Sources\WebsitePanel.Server.Mono\Code\AutoDiscoveryHelper.cs:70 

xsp4.exe Error: 0 : [12/2/2015 7:51:11 PM] ERROR: Object reference not set to an instance of an object
System.NullReferenceException: Object reference not set to an instance of an object
  at WebsitePanel.Server.Code.AutoDiscoveryHelper.IsInstalled (System.String name) [0x000b5] in C:\Code\WebsitePanel\Linux\WebsitePanel\Sources\WebsitePanel.Server.Mono\Code\AutoDiscoveryHelper.cs:70 

xsp4.exe Error: 0 : [12/2/2015 7:51:11 PM] ERROR: Object reference not set to an instance of an object
System.NullReferenceException: Object reference not set to an instance of an object
  at WebsitePanel.Server.Code.AutoDiscoveryHelper.IsInstalled (System.String name) [0x000b5] in C:\Code\WebsitePanel\Linux\WebsitePanel\Sources\WebsitePanel.Server.Mono\Code\AutoDiscoveryHelper.cs:70 

xsp4.exe Error: 0 : [12/2/2015 7:51:11 PM] ERROR: Object reference not set to an instance of an object
System.NullReferenceException: Object reference not set to an instance of an object
  at WebsitePanel.Server.Code.AutoDiscoveryHelper.IsInstalled (System.String name) [0x000b5] in C:\Code\WebsitePanel\Linux\WebsitePanel\Sources\WebsitePanel.Server.Mono\Code\AutoDiscoveryHelper.cs:70 

xsp4.exe Error: 0 : [12/2/2015 7:51:11 PM] ERROR: Object reference not set to an instance of an object
System.NullReferenceException: Object reference not set to an instance of an object
  at WebsitePanel.Server.Code.AutoDiscoveryHelper.IsInstalled (System.String name) [0x000b5] in C:\Code\WebsitePanel\Linux\WebsitePanel\Sources\WebsitePanel.Server.Mono\Code\AutoDiscoveryHelper.cs:70 

xsp4.exe Error: 0 : [12/2/2015 7:51:20 PM] ERROR: ApplicationName='pdns_control', CommandLine='version', CurrentDirectory='', Native error= Das System kann die angegebene Datei nicht finden.

System.ComponentModel.Win32Exception: ApplicationName='pdns_control', CommandLine='version', CurrentDirectory='', Native error= Das System kann die angegebene Datei nicht finden.

  at System.Diagnostics.Process.Start_noshell (System.Diagnostics.ProcessStartInfo startInfo, System.Diagnostics.Process process) [0x00352] in C:\j\workspace\v\repos\mono\mcs\class\System\System.Diagnostics\Process.cs:1126 
  at System.Diagnostics.Process.Start_common (System.Diagnostics.ProcessStartInfo startInfo, System.Diagnostics.Process process) [0x0008b] in C:\j\workspace\v\repos\mono\mcs\class\System\System.Diagnostics\Process.cs:1190 
  at System.Diagnostics.Process.Start (System.Diagnostics.ProcessStartInfo startInfo) [0x0001e] in C:\j\workspace\v\repos\mono\mcs\class\System\System.Diagnostics\Process.cs:1210 
  at WebsitePanel.Providers.Utils.DefaultCommandLineProvider.Execute (System.String filePath, System.String args, System.String outputFile) [0x00032] in C:\Code\WebsitePanel\Linux\WebsitePanel\Sources\WebsitePanel.Server.Utils\FileUtils.cs:82 
  at WebsitePanel.Providers.Utils.FileUtils.ExecuteSystemCommand (System.String cmd, System.String args, System.String outputFile) [0x00009] in C:\Code\WebsitePanel\Linux\WebsitePanel\Sources\WebsitePanel.Server.Utils\FileUtils.cs:722 
  at WebsitePanel.Providers.Utils.FileUtils.ExecuteSystemCommand (System.String cmd, System.String args) [0x00004] in C:\Code\WebsitePanel\Linux\WebsitePanel\Sources\WebsitePanel.Server.Utils\FileUtils.cs:709 
  at WebsitePanel.Providers.DNS.PowerDNS.IsInstalled () [0x0001d] in C:\Code\WebsitePanel\Linux\WebsitePanel\Sources\WebsitePanel.Providers.DNS.PowerDNS\PowerDNS.cs:1182 
  at WebsitePanel.Server.Code.AutoDiscoveryHelper.IsInstalled (System.String name) [0x000fd] in C:\Code\WebsitePanel\Linux\WebsitePanel\Sources\WebsitePanel.Server.Mono\Code\AutoDiscoveryHelper.cs:74 

xsp4.exe Error: 0 : [12/2/2015 7:51:28 PM] ERROR: Object reference not set to an instance of an object
System.NullReferenceException: Object reference not set to an instance of an object
  at WebsitePanel.Server.Code.AutoDiscoveryHelper.IsInstalled (System.String name) [0x000b5] in C:\Code\WebsitePanel\Linux\WebsitePanel\Sources\WebsitePanel.Server.Mono\Code\AutoDiscoveryHelper.cs:70 

xsp4.exe Error: 0 : [12/2/2015 7:51:28 PM] ERROR: Object reference not set to an instance of an object
System.NullReferenceException: Object reference not set to an instance of an object
  at WebsitePanel.Server.Code.AutoDiscoveryHelper.IsInstalled (System.String name) [0x000b5] in C:\Code\WebsitePanel\Linux\WebsitePanel\Sources\WebsitePanel.Server.Mono\Code\AutoDiscoveryHelper.cs:70 

xsp4.exe Error: 0 : [12/2/2015 7:51:29 PM] ERROR: Object reference not set to an instance of an object
System.NullReferenceException: Object reference not set to an instance of an object
  at WebsitePanel.Server.Code.AutoDiscoveryHelper.IsInstalled (System.String name) [0x000b5] in C:\Code\WebsitePanel\Linux\WebsitePanel\Sources\WebsitePanel.Server.Mono\Code\AutoDiscoveryHelper.cs:70 

xsp4.exe Error: 0 : [12/2/2015 7:51:29 PM] ERROR: Object reference not set to an instance of an object
System.NullReferenceException: Object reference not set to an instance of an object
  at WebsitePanel.Server.Code.AutoDiscoveryHelper.IsInstalled (System.String name) [0x000b5] in C:\Code\WebsitePanel\Linux\WebsitePanel\Sources\WebsitePanel.Server.Mono\Code\AutoDiscoveryHelper.cs:70 

xsp4.exe Error: 0 : [12/2/2015 7:51:29 PM] ERROR: Object reference not set to an instance of an object
System.NullReferenceException: Object reference not set to an instance of an object
  at WebsitePanel.Server.Code.AutoDiscoveryHelper.IsInstalled (System.String name) [0x000b5] in C:\Code\WebsitePanel\Linux\WebsitePanel\Sources\WebsitePanel.Server.Mono\Code\AutoDiscoveryHelper.cs:70 

